::1 - - [22/Jan/2018:01:49:01 +0000] "GET /grades HTTP/1.1" 200 2
::1 - - [22/Jan/2018:01:49:27 +0000] "POST /grades HTTP/1.1" 200 18
::1 - - [22/Jan/2018:01:49:55 +0000] "POST /grades HTTP/1.1" 200 18
::1 - - [22/Jan/2018:01:50:05 +0000] "GET /grades HTTP/1.1" 200 105
::1 - - [22/Jan/2018:01:50:17 +0000] "PUT /grades HTTP/1.1" 422 40
::1 - - [22/Jan/2018:01:50:25 +0000] "PUT /grades HTTP/1.1" 200 18
::1 - - [22/Jan/2018:01:50:28 +0000] "GET /grades HTTP/1.1" 200 113
::1 - - [22/Jan/2018:01:54:27 +0000] "DELETE /grades/4 HTTP/1.1" 200 18
::1 - - [22/Jan/2018:01:58:47 +0000] "POST /grades HTTP/1.1" 200 18
::1 - - [22/Jan/2018:01:58:51 +0000] "POST /grades HTTP/1.1" 200 18
::1 - - [22/Jan/2018:01:58:53 +0000] "GET /grades HTTP/1.1" 200 105
::1 - - [22/Jan/2018:01:58:56 +0000] "DELETE /grades/4 HTTP/1.1" 422 40
::1 - - [22/Jan/2018:01:59:02 +0000] "DELETE /grades HTTP/1.1" 404 1136
::1 - - [22/Jan/2018:01:59:19 +0000] "DELETE /grades/ HTTP/1.1" 404 1136
::1 - - [22/Jan/2018:01:59:22 +0000] "DELETE /grades/1 HTTP/1.1" 200 18
::1 - - [22/Jan/2018:01:59:58 +0000] "POST /grades HTTP/1.1" 200 18
::1 - - [22/Jan/2018:02:00:02 +0000] "POST /grades HTTP/1.1" 200 18
::1 - - [22/Jan/2018:02:00:05 +0000] "GET /grades HTTP/1.1" 200 105
::1 - - [22/Jan/2018:02:00:16 +0000] "DELETE /grades/5 HTTP/1.1" 422 40
::1 - - [22/Jan/2018:02:00:22 +0000] "DELETE /grades/2 HTTP/1.1" 200 18
::1 - - [22/Jan/2018:02:00:24 +0000] "GET /grades HTTP/1.1" 200 53
